<?xml version="1.0" ?>
<coverage version="7.2.2" timestamp="1679640537389" lines-valid="730" lines-covered="497" line-rate="0.6808" branches-valid="200" branches-covered="107" branch-rate="0.535" complexity="0">
	<!-- Generated by coverage.py: https://coverage.readthedocs.io/en/7.2.2 -->
	<!-- Based on https://raw.githubusercontent.com/cobertura/web/master/htdocs/xml/coverage-04.dtd -->
	<sources>
		<source>/beegfs/home/wangjianhua/WJH_pypackges/easyfinemap/easyfinemap</source>
	</sources>
	<packages>
		<package name="." line-rate="0.6808" branch-rate="0.535" complexity="0">
			<classes>
				<class name="__init__.py" filename="__init__.py" complexity="0" line-rate="1" branch-rate="1">
					<methods/>
					<lines>
						<line number="3" hits="1"/>
						<line number="5" hits="1"/>
						<line number="7" hits="1"/>
						<line number="8" hits="1"/>
						<line number="9" hits="1"/>
						<line number="12" hits="1"/>
						<line number="13" hits="1"/>
						<line number="14" hits="1"/>
						<line number="17" hits="1"/>
					</lines>
				</class>
				<class name="cli.py" filename="cli.py" complexity="0" line-rate="0.8103" branch-rate="0.5">
					<methods/>
					<lines>
						<line number="3" hits="1"/>
						<line number="4" hits="1"/>
						<line number="5" hits="1"/>
						<line number="6" hits="1"/>
						<line number="7" hits="1"/>
						<line number="9" hits="1"/>
						<line number="10" hits="1"/>
						<line number="11" hits="1"/>
						<line number="13" hits="1"/>
						<line number="14" hits="1"/>
						<line number="15" hits="1"/>
						<line number="16" hits="1"/>
						<line number="19" hits="1"/>
						<line number="20" hits="1"/>
						<line number="28" hits="1"/>
						<line number="31" hits="1"/>
						<line number="32" hits="1"/>
						<line number="33" hits="1"/>
						<line number="36" hits="1"/>
						<line number="39" hits="1"/>
						<line number="40" hits="1"/>
						<line number="41" hits="1"/>
						<line number="42" hits="1"/>
						<line number="43" hits="1"/>
						<line number="46" hits="1"/>
						<line number="52" hits="1"/>
						<line number="53" hits="1"/>
						<line number="54" hits="1"/>
						<line number="55" hits="1"/>
						<line number="56" hits="1"/>
						<line number="57" hits="1" branch="true" condition-coverage="50% (1/2)" missing-branches="58"/>
						<line number="58" hits="0"/>
						<line number="59" hits="0"/>
						<line number="60" hits="1" branch="true" condition-coverage="50% (1/2)" missing-branches="61"/>
						<line number="61" hits="0"/>
						<line number="62" hits="0"/>
						<line number="64" hits="1"/>
						<line number="67" hits="1"/>
						<line number="68" hits="1"/>
						<line number="76" hits="1"/>
						<line number="77" hits="1"/>
						<line number="104" hits="1"/>
						<line number="105" hits="1"/>
						<line number="132" hits="1" branch="true" condition-coverage="100% (2/2)"/>
						<line number="133" hits="1"/>
						<line number="134" hits="1"/>
						<line number="135" hits="1"/>
						<line number="156" hits="1"/>
						<line number="157" hits="1"/>
						<line number="160" hits="1"/>
						<line number="161" hits="1"/>
						<line number="185" hits="0" branch="true" condition-coverage="0% (0/2)" missing-branches="186,207"/>
						<line number="186" hits="0"/>
						<line number="187" hits="0"/>
						<line number="188" hits="0"/>
						<line number="189" hits="0"/>
						<line number="207" hits="0"/>
						<line number="208" hits="0"/>
					</lines>
				</class>
				<class name="constant.py" filename="constant.py" complexity="0" line-rate="1" branch-rate="1">
					<methods/>
					<lines>
						<line number="4" hits="1"/>
						<line number="7" hits="1"/>
						<line number="8" hits="1"/>
						<line number="9" hits="1"/>
						<line number="10" hits="1"/>
						<line number="11" hits="1"/>
						<line number="12" hits="1"/>
						<line number="13" hits="1"/>
						<line number="14" hits="1"/>
						<line number="15" hits="1"/>
						<line number="16" hits="1"/>
						<line number="17" hits="1"/>
						<line number="18" hits="1"/>
						<line number="19" hits="1"/>
						<line number="20" hits="1"/>
						<line number="21" hits="1"/>
						<line number="22" hits="1"/>
						<line number="23" hits="1"/>
						<line number="24" hits="1"/>
						<line number="25" hits="1"/>
						<line number="26" hits="1"/>
						<line number="27" hits="1"/>
						<line number="28" hits="1"/>
						<line number="30" hits="1"/>
						<line number="31" hits="1"/>
						<line number="32" hits="1"/>
						<line number="33" hits="1"/>
						<line number="34" hits="1"/>
						<line number="35" hits="1"/>
						<line number="39" hits="1" branch="true" condition-coverage="100% (2/2)"/>
					</lines>
				</class>
				<class name="easyfinemap.py" filename="easyfinemap.py" complexity="0" line-rate="0.2073" branch-rate="0.01667">
					<methods/>
					<lines>
						<line number="18" hits="1"/>
						<line number="19" hits="1"/>
						<line number="20" hits="1"/>
						<line number="21" hits="1"/>
						<line number="22" hits="1"/>
						<line number="24" hits="1"/>
						<line number="25" hits="1"/>
						<line number="26" hits="1"/>
						<line number="27" hits="1"/>
						<line number="29" hits="1"/>
						<line number="30" hits="1"/>
						<line number="32" hits="1"/>
						<line number="33" hits="1"/>
						<line number="36" hits="1"/>
						<line number="39" hits="1"/>
						<line number="41" hits="1"/>
						<line number="42" hits="1"/>
						<line number="43" hits="1"/>
						<line number="44" hits="1"/>
						<line number="45" hits="1"/>
						<line number="46" hits="1"/>
						<line number="47" hits="1"/>
						<line number="48" hits="1"/>
						<line number="49" hits="1"/>
						<line number="50" hits="1"/>
						<line number="51" hits="1" branch="true" condition-coverage="50% (1/2)" missing-branches="exit"/>
						<line number="52" hits="1"/>
						<line number="54" hits="1"/>
						<line number="84" hits="0"/>
						<line number="86" hits="0"/>
						<line number="87" hits="0"/>
						<line number="88" hits="0"/>
						<line number="91" hits="0"/>
						<line number="92" hits="0"/>
						<line number="94" hits="1"/>
						<line number="95" hits="1"/>
						<line number="125" hits="0" branch="true" condition-coverage="0% (0/2)" missing-branches="126,127"/>
						<line number="126" hits="0"/>
						<line number="127" hits="0"/>
						<line number="128" hits="0"/>
						<line number="129" hits="0"/>
						<line number="132" hits="0"/>
						<line number="145" hits="0"/>
						<line number="146" hits="0" branch="true" condition-coverage="0% (0/2)" missing-branches="147,158"/>
						<line number="147" hits="0"/>
						<line number="156" hits="0"/>
						<line number="157" hits="0"/>
						<line number="158" hits="0"/>
						<line number="166" hits="0"/>
						<line number="167" hits="0"/>
						<line number="168" hits="0" branch="true" condition-coverage="0% (0/2)" missing-branches="169,173"/>
						<line number="169" hits="0"/>
						<line number="170" hits="0"/>
						<line number="173" hits="0"/>
						<line number="174" hits="0"/>
						<line number="177" hits="0"/>
						<line number="179" hits="1"/>
						<line number="180" hits="1"/>
						<line number="202" hits="0"/>
						<line number="203" hits="0"/>
						<line number="204" hits="0"/>
						<line number="205" hits="0"/>
						<line number="206" hits="0"/>
						<line number="209" hits="0"/>
						<line number="210" hits="0" branch="true" condition-coverage="0% (0/2)" missing-branches="211,212"/>
						<line number="211" hits="0"/>
						<line number="212" hits="0"/>
						<line number="213" hits="0"/>
						<line number="219" hits="0"/>
						<line number="234" hits="0"/>
						<line number="235" hits="0"/>
						<line number="236" hits="0" branch="true" condition-coverage="0% (0/2)" missing-branches="237,240"/>
						<line number="237" hits="0"/>
						<line number="238" hits="0"/>
						<line number="240" hits="0"/>
						<line number="243" hits="0"/>
						<line number="244" hits="0"/>
						<line number="246" hits="1"/>
						<line number="247" hits="1"/>
						<line number="269" hits="0"/>
						<line number="270" hits="0"/>
						<line number="271" hits="0"/>
						<line number="272" hits="0"/>
						<line number="273" hits="0"/>
						<line number="290" hits="0"/>
						<line number="291" hits="0"/>
						<line number="292" hits="0"/>
						<line number="303" hits="0"/>
						<line number="304" hits="0"/>
						<line number="305" hits="0" branch="true" condition-coverage="0% (0/2)" missing-branches="306,309"/>
						<line number="306" hits="0"/>
						<line number="307" hits="0"/>
						<line number="309" hits="0"/>
						<line number="310" hits="0"/>
						<line number="311" hits="0"/>
						<line number="312" hits="0"/>
						<line number="314" hits="1"/>
						<line number="348" hits="0" branch="true" condition-coverage="0% (0/2)" missing-branches="349,350"/>
						<line number="349" hits="0"/>
						<line number="350" hits="0" branch="true" condition-coverage="0% (0/2)" missing-branches="351,352"/>
						<line number="351" hits="0"/>
						<line number="352" hits="0"/>
						<line number="353" hits="0"/>
						<line number="354" hits="0"/>
						<line number="360" hits="0" branch="true" condition-coverage="0% (0/2)" missing-branches="361,367"/>
						<line number="361" hits="0"/>
						<line number="362" hits="0"/>
						<line number="363" hits="0"/>
						<line number="364" hits="0"/>
						<line number="365" hits="0"/>
						<line number="367" hits="0"/>
						<line number="368" hits="0"/>
						<line number="369" hits="0"/>
						<line number="371" hits="1"/>
						<line number="398" hits="0" branch="true" condition-coverage="0% (0/2)" missing-branches="399,400"/>
						<line number="399" hits="0"/>
						<line number="400" hits="0"/>
						<line number="401" hits="0"/>
						<line number="402" hits="0"/>
						<line number="403" hits="0"/>
						<line number="405" hits="1"/>
						<line number="432" hits="0" branch="true" condition-coverage="0% (0/2)" missing-branches="433,435"/>
						<line number="433" hits="0"/>
						<line number="435" hits="0"/>
						<line number="436" hits="0" branch="true" condition-coverage="0% (0/2)" missing-branches="437,442"/>
						<line number="437" hits="0"/>
						<line number="438" hits="0"/>
						<line number="439" hits="0"/>
						<line number="440" hits="0"/>
						<line number="442" hits="0"/>
						<line number="443" hits="0"/>
						<line number="445" hits="1"/>
						<line number="446" hits="1"/>
						<line number="483" hits="0" branch="true" condition-coverage="0% (0/2)" missing-branches="484,498"/>
						<line number="484" hits="0"/>
						<line number="485" hits="0"/>
						<line number="486" hits="0"/>
						<line number="487" hits="0"/>
						<line number="488" hits="0"/>
						<line number="489" hits="0"/>
						<line number="494" hits="0"/>
						<line number="495" hits="0" branch="true" condition-coverage="0% (0/2)" missing-branches="496,501"/>
						<line number="496" hits="0"/>
						<line number="498" hits="0"/>
						<line number="499" hits="0"/>
						<line number="501" hits="0"/>
						<line number="502" hits="0" branch="true" condition-coverage="0% (0/2)" missing-branches="503,504"/>
						<line number="503" hits="0"/>
						<line number="504" hits="0"/>
						<line number="505" hits="0" branch="true" condition-coverage="0% (0/2)" missing-branches="506,526"/>
						<line number="506" hits="0" branch="true" condition-coverage="0% (0/2)" missing-branches="507,509"/>
						<line number="507" hits="0"/>
						<line number="508" hits="0"/>
						<line number="509" hits="0" branch="true" condition-coverage="0% (0/2)" missing-branches="510,524"/>
						<line number="510" hits="0"/>
						<line number="511" hits="0" branch="true" condition-coverage="0% (0/2)" missing-branches="513,514"/>
						<line number="513" hits="0"/>
						<line number="514" hits="0" branch="true" condition-coverage="0% (0/2)" missing-branches="515,517"/>
						<line number="515" hits="0"/>
						<line number="516" hits="0"/>
						<line number="517" hits="0" branch="true" condition-coverage="0% (0/2)" missing-branches="518,520"/>
						<line number="518" hits="0"/>
						<line number="519" hits="0"/>
						<line number="520" hits="0" branch="true" condition-coverage="0% (0/2)" missing-branches="505,521"/>
						<line number="521" hits="0"/>
						<line number="522" hits="0"/>
						<line number="524" hits="0"/>
						<line number="526" hits="0"/>
						<line number="527" hits="0"/>
						<line number="528" hits="0"/>
						<line number="530" hits="1"/>
						<line number="584" hits="0"/>
						<line number="585" hits="0" branch="true" condition-coverage="0% (0/2)" missing-branches="586,587"/>
						<line number="586" hits="0"/>
						<line number="587" hits="0"/>
						<line number="588" hits="0" branch="true" condition-coverage="0% (0/2)" missing-branches="589,608"/>
						<line number="589" hits="0"/>
						<line number="592" hits="0"/>
						<line number="607" hits="0"/>
						<line number="608" hits="0"/>
						<line number="609" hits="0"/>
						<line number="610" hits="0" branch="true" condition-coverage="0% (0/2)" missing-branches="617,624"/>
						<line number="617" hits="0" branch="true" condition-coverage="0% (0/2)" missing-branches="610,618"/>
						<line number="618" hits="0"/>
						<line number="619" hits="0" branch="true" condition-coverage="0% (0/2)" missing-branches="exit,620"/>
						<line number="620" hits="0" branch="true" condition-coverage="0% (0/2)" missing-branches="617,621"/>
						<line number="621" hits="0"/>
						<line number="622" hits="0"/>
						<line number="623" hits="0"/>
						<line number="624" hits="0"/>
						<line number="625" hits="0" branch="true" condition-coverage="0% (0/2)" missing-branches="626,628"/>
						<line number="626" hits="0"/>
						<line number="628" hits="0"/>
					</lines>
				</class>
				<class name="ldref.py" filename="ldref.py" complexity="0" line-rate="0.7605" branch-rate="0.82">
					<methods/>
					<lines>
						<line number="12" hits="1"/>
						<line number="13" hits="1"/>
						<line number="14" hits="1"/>
						<line number="15" hits="1"/>
						<line number="16" hits="1"/>
						<line number="17" hits="1"/>
						<line number="19" hits="1"/>
						<line number="20" hits="1"/>
						<line number="21" hits="1"/>
						<line number="23" hits="1"/>
						<line number="24" hits="1"/>
						<line number="25" hits="1"/>
						<line number="28" hits="1"/>
						<line number="31" hits="1"/>
						<line number="33" hits="1"/>
						<line number="34" hits="1"/>
						<line number="35" hits="1"/>
						<line number="36" hits="1"/>
						<line number="37" hits="1" branch="true" condition-coverage="100% (2/2)"/>
						<line number="38" hits="1"/>
						<line number="40" hits="1"/>
						<line number="41" hits="1"/>
						<line number="64" hits="1"/>
						<line number="65" hits="1"/>
						<line number="66" hits="1"/>
						<line number="71" hits="1"/>
						<line number="72" hits="1"/>
						<line number="74" hits="1" branch="true" condition-coverage="100% (2/2)"/>
						<line number="75" hits="1"/>
						<line number="76" hits="1"/>
						<line number="91" hits="1"/>
						<line number="92" hits="1"/>
						<line number="93" hits="1"/>
						<line number="110" hits="1"/>
						<line number="111" hits="1"/>
						<line number="112" hits="1" branch="true" condition-coverage="100% (2/2)"/>
						<line number="113" hits="1"/>
						<line number="114" hits="1"/>
						<line number="115" hits="1"/>
						<line number="120" hits="1"/>
						<line number="121" hits="1"/>
						<line number="122" hits="1"/>
						<line number="123" hits="1"/>
						<line number="124" hits="1"/>
						<line number="126" hits="1"/>
						<line number="127" hits="1"/>
						<line number="170" hits="1" branch="true" condition-coverage="100% (2/2)"/>
						<line number="171" hits="1"/>
						<line number="173" hits="1"/>
						<line number="175" hits="1" branch="true" condition-coverage="100% (2/2)"/>
						<line number="176" hits="1" branch="true" condition-coverage="100% (2/2)"/>
						<line number="177" hits="1" branch="true" condition-coverage="100% (2/2)"/>
						<line number="178" hits="1"/>
						<line number="179" hits="1" branch="true" condition-coverage="100% (2/2)"/>
						<line number="180" hits="1" branch="true" condition-coverage="100% (2/2)"/>
						<line number="181" hits="1"/>
						<line number="182" hits="1" branch="true" condition-coverage="50% (1/2)" missing-branches="183"/>
						<line number="183" hits="0"/>
						<line number="184" hits="0"/>
						<line number="185" hits="0"/>
						<line number="186" hits="0"/>
						<line number="188" hits="1"/>
						<line number="190" hits="1"/>
						<line number="191" hits="1"/>
						<line number="193" hits="1"/>
						<line number="194" hits="1"/>
						<line number="195" hits="1"/>
						<line number="197" hits="1"/>
						<line number="198" hits="1" branch="true" condition-coverage="100% (2/2)"/>
						<line number="199" hits="1"/>
						<line number="202" hits="1"/>
						<line number="203" hits="1" branch="true" condition-coverage="100% (2/2)"/>
						<line number="204" hits="1"/>
						<line number="205" hits="1"/>
						<line number="207" hits="1"/>
						<line number="208" hits="1"/>
						<line number="209" hits="1"/>
						<line number="210" hits="1"/>
						<line number="211" hits="1"/>
						<line number="213" hits="1" branch="true" condition-coverage="100% (2/2)"/>
						<line number="214" hits="1"/>
						<line number="216" hits="1"/>
						<line number="217" hits="1"/>
						<line number="251" hits="1"/>
						<line number="252" hits="1" branch="true" condition-coverage="100% (2/2)"/>
						<line number="253" hits="1"/>
						<line number="255" hits="1" branch="true" condition-coverage="100% (2/2)"/>
						<line number="256" hits="1"/>
						<line number="257" hits="1"/>
						<line number="259" hits="1" branch="true" condition-coverage="100% (2/2)"/>
						<line number="260" hits="1"/>
						<line number="261" hits="1" branch="true" condition-coverage="100% (2/2)"/>
						<line number="262" hits="1"/>
						<line number="263" hits="1"/>
						<line number="275" hits="1"/>
						<line number="276" hits="1"/>
						<line number="277" hits="1"/>
						<line number="278" hits="1" branch="true" condition-coverage="100% (2/2)"/>
						<line number="279" hits="1"/>
						<line number="280" hits="1"/>
						<line number="281" hits="1"/>
						<line number="283" hits="1"/>
						<line number="284" hits="1"/>
						<line number="313" hits="1" branch="true" condition-coverage="100% (2/2)"/>
						<line number="314" hits="1"/>
						<line number="315" hits="1"/>
						<line number="316" hits="1"/>
						<line number="327" hits="1"/>
						<line number="328" hits="1"/>
						<line number="329" hits="1"/>
						<line number="330" hits="1" branch="true" condition-coverage="100% (2/2)"/>
						<line number="331" hits="1"/>
						<line number="332" hits="1"/>
						<line number="333" hits="1"/>
						<line number="334" hits="1"/>
						<line number="339" hits="1"/>
						<line number="340" hits="1"/>
						<line number="342" hits="1" branch="true" condition-coverage="100% (2/2)"/>
						<line number="343" hits="1"/>
						<line number="351" hits="1"/>
						<line number="352" hits="1"/>
						<line number="353" hits="1"/>
						<line number="358" hits="1"/>
						<line number="359" hits="1"/>
						<line number="360" hits="1"/>
						<line number="361" hits="1"/>
						<line number="362" hits="1"/>
						<line number="364" hits="1"/>
						<line number="365" hits="1"/>
						<line number="387" hits="0"/>
						<line number="388" hits="0"/>
						<line number="400" hits="0"/>
						<line number="401" hits="0"/>
						<line number="402" hits="0" branch="true" condition-coverage="0% (0/2)" missing-branches="403,406"/>
						<line number="403" hits="0"/>
						<line number="404" hits="0"/>
						<line number="406" hits="0"/>
						<line number="407" hits="0"/>
						<line number="412" hits="1"/>
						<line number="413" hits="1"/>
						<line number="450" hits="0" branch="true" condition-coverage="0% (0/2)" missing-branches="451,452"/>
						<line number="451" hits="0"/>
						<line number="452" hits="0"/>
						<line number="453" hits="0"/>
						<line number="454" hits="0"/>
						<line number="455" hits="0"/>
						<line number="456" hits="0"/>
						<line number="457" hits="0"/>
						<line number="458" hits="0"/>
						<line number="459" hits="0"/>
						<line number="460" hits="0"/>
						<line number="463" hits="0"/>
						<line number="476" hits="0"/>
						<line number="477" hits="0"/>
						<line number="478" hits="0" branch="true" condition-coverage="0% (0/2)" missing-branches="479,480"/>
						<line number="479" hits="0"/>
						<line number="480" hits="0"/>
						<line number="481" hits="0"/>
						<line number="492" hits="0"/>
						<line number="493" hits="0" branch="true" condition-coverage="0% (0/2)" missing-branches="494,497"/>
						<line number="494" hits="0"/>
						<line number="495" hits="0"/>
						<line number="497" hits="0"/>
						<line number="498" hits="0"/>
						<line number="502" hits="0"/>
						<line number="503" hits="0"/>
						<line number="504" hits="0"/>
					</lines>
				</class>
				<class name="loci.py" filename="loci.py" complexity="0" line-rate="0.8534" branch-rate="0.7206">
					<methods/>
					<lines>
						<line number="12" hits="1"/>
						<line number="13" hits="1"/>
						<line number="14" hits="1"/>
						<line number="15" hits="1"/>
						<line number="16" hits="1"/>
						<line number="17" hits="1"/>
						<line number="19" hits="1"/>
						<line number="20" hits="1"/>
						<line number="22" hits="1"/>
						<line number="23" hits="1"/>
						<line number="25" hits="1"/>
						<line number="26" hits="1"/>
						<line number="29" hits="1"/>
						<line number="32" hits="1"/>
						<line number="34" hits="1"/>
						<line number="35" hits="1"/>
						<line number="36" hits="1"/>
						<line number="37" hits="1"/>
						<line number="38" hits="1" branch="true" condition-coverage="100% (2/2)"/>
						<line number="39" hits="1"/>
						<line number="41" hits="1"/>
						<line number="106" hits="1"/>
						<line number="107" hits="1" branch="true" condition-coverage="50% (1/2)" missing-branches="108"/>
						<line number="108" hits="0"/>
						<line number="109" hits="1" branch="true" condition-coverage="100% (2/2)"/>
						<line number="110" hits="1"/>
						<line number="111" hits="1"/>
						<line number="112" hits="1" branch="true" condition-coverage="100% (2/2)"/>
						<line number="113" hits="1"/>
						<line number="114" hits="1" branch="true" condition-coverage="100% (2/2)"/>
						<line number="115" hits="1"/>
						<line number="116" hits="1"/>
						<line number="118" hits="1"/>
						<line number="119" hits="1" branch="true" condition-coverage="100% (2/2)"/>
						<line number="120" hits="1" branch="true" condition-coverage="100% (2/2)"/>
						<line number="121" hits="1"/>
						<line number="122" hits="1" branch="true" condition-coverage="100% (2/2)"/>
						<line number="123" hits="1"/>
						<line number="125" hits="1"/>
						<line number="139" hits="1"/>
						<line number="140" hits="1"/>
						<line number="141" hits="1" branch="true" condition-coverage="50% (1/2)" missing-branches="142"/>
						<line number="142" hits="0"/>
						<line number="143" hits="0"/>
						<line number="144" hits="1" branch="true" condition-coverage="100% (2/2)"/>
						<line number="145" hits="1"/>
						<line number="146" hits="1"/>
						<line number="147" hits="1"/>
						<line number="148" hits="1"/>
						<line number="149" hits="1"/>
						<line number="150" hits="1"/>
						<line number="152" hits="1"/>
						<line number="154" hits="1"/>
						<line number="155" hits="1"/>
						<line number="169" hits="1"/>
						<line number="170" hits="1"/>
						<line number="171" hits="1"/>
						<line number="172" hits="1"/>
						<line number="173" hits="1"/>
						<line number="174" hits="1"/>
						<line number="175" hits="1"/>
						<line number="176" hits="1"/>
						<line number="177" hits="1" branch="true" condition-coverage="100% (2/2)"/>
						<line number="178" hits="1" branch="true" condition-coverage="100% (2/2)"/>
						<line number="179" hits="1"/>
						<line number="180" hits="1" branch="true" condition-coverage="100% (2/2)"/>
						<line number="181" hits="1"/>
						<line number="183" hits="1"/>
						<line number="184" hits="1"/>
						<line number="185" hits="1"/>
						<line number="186" hits="1"/>
						<line number="188" hits="1"/>
						<line number="189" hits="1"/>
						<line number="209" hits="1"/>
						<line number="210" hits="1"/>
						<line number="211" hits="1" branch="true" condition-coverage="50% (1/2)" missing-branches="212"/>
						<line number="212" hits="0" branch="true" condition-coverage="0% (0/2)" missing-branches="213,237"/>
						<line number="213" hits="0"/>
						<line number="214" hits="0"/>
						<line number="219" hits="0"/>
						<line number="227" hits="1"/>
						<line number="228" hits="1" branch="true" condition-coverage="100% (2/2)"/>
						<line number="229" hits="1"/>
						<line number="230" hits="1"/>
						<line number="237" hits="1"/>
						<line number="238" hits="1"/>
						<line number="240" hits="1"/>
						<line number="241" hits="1"/>
						<line number="264" hits="1"/>
						<line number="265" hits="1" branch="true" condition-coverage="100% (2/2)"/>
						<line number="266" hits="1"/>
						<line number="267" hits="1"/>
						<line number="268" hits="1"/>
						<line number="269" hits="1"/>
						<line number="271" hits="1"/>
						<line number="272" hits="1"/>
						<line number="304" hits="1"/>
						<line number="305" hits="1"/>
						<line number="306" hits="1"/>
						<line number="307" hits="1"/>
						<line number="308" hits="1"/>
						<line number="327" hits="1"/>
						<line number="328" hits="1" branch="true" condition-coverage="50% (1/2)" missing-branches="329"/>
						<line number="329" hits="0"/>
						<line number="330" hits="0"/>
						<line number="332" hits="1" branch="true" condition-coverage="50% (1/2)" missing-branches="338"/>
						<line number="333" hits="1"/>
						<line number="334" hits="1"/>
						<line number="335" hits="1"/>
						<line number="336" hits="1"/>
						<line number="338" hits="0"/>
						<line number="339" hits="0"/>
						<line number="341" hits="1"/>
						<line number="342" hits="1"/>
						<line number="383" hits="1"/>
						<line number="384" hits="1" branch="true" condition-coverage="50% (1/2)" missing-branches="385"/>
						<line number="385" hits="0"/>
						<line number="386" hits="1"/>
						<line number="387" hits="1"/>
						<line number="388" hits="1"/>
						<line number="389" hits="1"/>
						<line number="390" hits="1"/>
						<line number="391" hits="1" branch="true" condition-coverage="50% (1/2)" missing-branches="392"/>
						<line number="392" hits="0"/>
						<line number="393" hits="0"/>
						<line number="394" hits="0" branch="true" condition-coverage="0% (0/2)" missing-branches="395,438"/>
						<line number="395" hits="0" branch="true" condition-coverage="0% (0/2)" missing-branches="396,402"/>
						<line number="396" hits="0"/>
						<line number="402" hits="0"/>
						<line number="407" hits="0"/>
						<line number="420" hits="1" branch="true" condition-coverage="100% (2/2)"/>
						<line number="421" hits="1" branch="true" condition-coverage="50% (1/2)" missing-branches="422"/>
						<line number="422" hits="0"/>
						<line number="424" hits="1"/>
						<line number="425" hits="1"/>
						<line number="438" hits="1" branch="true" condition-coverage="100% (2/2)"/>
						<line number="439" hits="1"/>
						<line number="440" hits="1" branch="true" condition-coverage="100% (2/2)"/>
						<line number="447" hits="1"/>
						<line number="448" hits="1" branch="true" condition-coverage="100% (2/2)"/>
						<line number="449" hits="1"/>
						<line number="450" hits="1"/>
						<line number="451" hits="1"/>
						<line number="452" hits="1"/>
						<line number="453" hits="1"/>
						<line number="455" hits="1"/>
						<line number="456" hits="1"/>
						<line number="497" hits="1"/>
						<line number="498" hits="1"/>
						<line number="499" hits="1"/>
						<line number="500" hits="1"/>
						<line number="501" hits="1"/>
						<line number="502" hits="1"/>
						<line number="505" hits="1"/>
						<line number="518" hits="1"/>
						<line number="519" hits="1"/>
						<line number="520" hits="1"/>
						<line number="521" hits="1"/>
						<line number="539" hits="1"/>
						<line number="540" hits="1"/>
						<line number="541" hits="1" branch="true" condition-coverage="100% (2/2)"/>
						<line number="542" hits="1"/>
						<line number="543" hits="1"/>
						<line number="545" hits="1"/>
						<line number="548" hits="1"/>
						<line number="557" hits="1"/>
						<line number="558" hits="1"/>
						<line number="559" hits="1"/>
						<line number="561" hits="1"/>
						<line number="562" hits="1"/>
						<line number="584" hits="1"/>
						<line number="585" hits="1"/>
						<line number="586" hits="1"/>
						<line number="587" hits="1" branch="true" condition-coverage="50% (1/2)" missing-branches="588"/>
						<line number="588" hits="0"/>
						<line number="589" hits="0"/>
						<line number="590" hits="0" branch="true" condition-coverage="0% (0/2)" missing-branches="591,607"/>
						<line number="591" hits="0"/>
						<line number="596" hits="0" branch="true" condition-coverage="0% (0/2)" missing-branches="597,599"/>
						<line number="597" hits="0"/>
						<line number="599" hits="0"/>
						<line number="600" hits="0"/>
						<line number="602" hits="1"/>
						<line number="604" hits="1"/>
						<line number="605" hits="1" branch="true" condition-coverage="100% (2/2)"/>
						<line number="606" hits="1"/>
						<line number="607" hits="1"/>
						<line number="608" hits="1" branch="true" condition-coverage="100% (2/2)"/>
						<line number="609" hits="1"/>
						<line number="610" hits="1"/>
						<line number="611" hits="1"/>
					</lines>
				</class>
				<class name="tools.py" filename="tools.py" complexity="0" line-rate="1" branch-rate="1">
					<methods/>
					<lines>
						<line number="3" hits="1"/>
						<line number="4" hits="1"/>
						<line number="5" hits="1"/>
						<line number="8" hits="1"/>
						<line number="11" hits="1"/>
						<line number="13" hits="1"/>
						<line number="15" hits="1"/>
						<line number="29" hits="1"/>
						<line number="30" hits="1" branch="true" condition-coverage="100% (2/2)"/>
						<line number="31" hits="1"/>
						<line number="33" hits="1"/>
						<line number="34" hits="1"/>
						<line number="36" hits="1"/>
						<line number="37" hits="1"/>
						<line number="39" hits="1"/>
						<line number="41" hits="1"/>
						<line number="42" hits="1"/>
						<line number="44" hits="1"/>
						<line number="46" hits="1"/>
						<line number="47" hits="1"/>
						<line number="49" hits="1"/>
						<line number="51" hits="1"/>
						<line number="52" hits="1"/>
						<line number="54" hits="1"/>
						<line number="56" hits="1"/>
						<line number="57" hits="1"/>
						<line number="59" hits="1"/>
						<line number="61" hits="1"/>
						<line number="62" hits="1"/>
						<line number="64" hits="1"/>
						<line number="66" hits="1"/>
						<line number="67" hits="1"/>
						<line number="69" hits="1"/>
					</lines>
				</class>
				<class name="utils.py" filename="utils.py" complexity="0" line-rate="0.9796" branch-rate="0.8">
					<methods/>
					<lines>
						<line number="3" hits="1"/>
						<line number="4" hits="1"/>
						<line number="5" hits="1"/>
						<line number="6" hits="1"/>
						<line number="7" hits="1"/>
						<line number="9" hits="1"/>
						<line number="11" hits="1"/>
						<line number="14" hits="1"/>
						<line number="30" hits="1"/>
						<line number="31" hits="1"/>
						<line number="32" hits="1"/>
						<line number="33" hits="1"/>
						<line number="36" hits="1"/>
						<line number="56" hits="1"/>
						<line number="57" hits="1"/>
						<line number="58" hits="1"/>
						<line number="59" hits="1"/>
						<line number="60" hits="1"/>
						<line number="61" hits="1"/>
						<line number="70" hits="1" branch="true" condition-coverage="100% (2/2)"/>
						<line number="71" hits="1"/>
						<line number="73" hits="1" branch="true" condition-coverage="50% (1/2)" missing-branches="74"/>
						<line number="74" hits="0"/>
						<line number="75" hits="1"/>
						<line number="76" hits="1" branch="true" condition-coverage="100% (2/2)"/>
						<line number="77" hits="1"/>
						<line number="78" hits="1" branch="true" condition-coverage="100% (2/2)"/>
						<line number="79" hits="1"/>
						<line number="81" hits="1"/>
						<line number="82" hits="1"/>
						<line number="83" hits="1"/>
						<line number="84" hits="1"/>
						<line number="87" hits="1"/>
						<line number="102" hits="1"/>
						<line number="103" hits="1"/>
						<line number="104" hits="1"/>
						<line number="105" hits="1"/>
						<line number="106" hits="1"/>
						<line number="107" hits="1"/>
						<line number="108" hits="1"/>
						<line number="109" hits="1"/>
						<line number="110" hits="1"/>
						<line number="111" hits="1"/>
						<line number="113" hits="1" branch="true" condition-coverage="50% (1/2)" missing-branches="115"/>
						<line number="114" hits="1"/>
						<line number="115" hits="1"/>
						<line number="116" hits="1"/>
						<line number="118" hits="1"/>
						<line number="120" hits="1"/>
					</lines>
				</class>
			</classes>
		</package>
	</packages>
</coverage>
